{"total": {"lines":{"total":298,"covered":280,"skipped":0,"pct":93.95},"statements":{"total":341,"covered":315,"skipped":0,"pct":92.37},"functions":{"total":87,"covered":81,"skipped":0,"pct":93.1},"branches":{"total":214,"covered":177,"skipped":0,"pct":82.71},"branchesTrue":{"total":0,"covered":0,"skipped":0,"pct":100}}
,"M:\\ZeroUploadPDF.com\\terrestrial-metal\\src\\lib\\limits.ts": {"lines":{"total":22,"covered":21,"skipped":0,"pct":95.45},"functions":{"total":6,"covered":6,"skipped":0,"pct":100},"statements":{"total":25,"covered":22,"skipped":0,"pct":88},"branches":{"total":14,"covered":12,"skipped":0,"pct":85.71}}
,"M:\\ZeroUploadPDF.com\\terrestrial-metal\\src\\lib\\core\\file-utils.ts": {"lines":{"total":27,"covered":21,"skipped":0,"pct":77.77},"functions":{"total":11,"covered":6,"skipped":0,"pct":54.54},"statements":{"total":32,"covered":24,"skipped":0,"pct":75},"branches":{"total":43,"covered":37,"skipped":0,"pct":86.04}}
,"M:\\ZeroUploadPDF.com\\terrestrial-metal\\src\\lib\\core\\formats.ts": {"lines":{"total":23,"covered":23,"skipped":0,"pct":100},"functions":{"total":4,"covered":4,"skipped":0,"pct":100},"statements":{"total":31,"covered":31,"skipped":0,"pct":100},"branches":{"total":23,"covered":23,"skipped":0,"pct":100}}
,"M:\\ZeroUploadPDF.com\\terrestrial-metal\\src\\lib\\core\\ooxml.ts": {"lines":{"total":87,"covered":77,"skipped":0,"pct":88.5},"functions":{"total":16,"covered":15,"skipped":0,"pct":93.75},"statements":{"total":98,"covered":84,"skipped":0,"pct":85.71},"branches":{"total":55,"covered":33,"skipped":0,"pct":60}}
,"M:\\ZeroUploadPDF.com\\terrestrial-metal\\src\\lib\\core\\pdf.ts": {"lines":{"total":31,"covered":31,"skipped":0,"pct":100},"functions":{"total":8,"covered":8,"skipped":0,"pct":100},"statements":{"total":37,"covered":37,"skipped":0,"pct":100},"branches":{"total":11,"covered":9,"skipped":0,"pct":81.81}}
,"M:\\ZeroUploadPDF.com\\terrestrial-metal\\src\\lib\\core\\pipeline.ts": {"lines":{"total":26,"covered":25,"skipped":0,"pct":96.15},"functions":{"total":5,"covered":5,"skipped":0,"pct":100},"statements":{"total":30,"covered":29,"skipped":0,"pct":96.66},"branches":{"total":32,"covered":28,"skipped":0,"pct":87.5}}
,"M:\\ZeroUploadPDF.com\\terrestrial-metal\\src\\lib\\core\\tables.ts": {"lines":{"total":38,"covered":38,"skipped":0,"pct":100},"functions":{"total":18,"covered":18,"skipped":0,"pct":100},"statements":{"total":43,"covered":43,"skipped":0,"pct":100},"branches":{"total":31,"covered":31,"skipped":0,"pct":100}}
,"M:\\ZeroUploadPDF.com\\terrestrial-metal\\src\\lib\\core\\xlsx.ts": {"lines":{"total":32,"covered":32,"skipped":0,"pct":100},"functions":{"total":13,"covered":13,"skipped":0,"pct":100},"statements":{"total":32,"covered":32,"skipped":0,"pct":100},"branches":{"total":3,"covered":2,"skipped":0,"pct":66.66}}
,"M:\\ZeroUploadPDF.com\\terrestrial-metal\\src\\lib\\shares\\demo.ts": {"lines":{"total":12,"covered":12,"skipped":0,"pct":100},"functions":{"total":6,"covered":6,"skipped":0,"pct":100},"statements":{"total":13,"covered":13,"skipped":0,"pct":100},"branches":{"total":2,"covered":2,"skipped":0,"pct":100}}
}
